<?xml version="1.0" encoding="UTF-8"?>
<!-- Generated by org.testng.reporters.JUnitReportReporter -->
<testsuite hostname="LAPTOP-COQFRCSP" failures="0" tests="4" name="api.test.UserTest2" time="11.367" errors="0" timestamp="2023-07-26T12:40:42 IST" skipped="0">
  <testcase classname="api.test.UserTest2" name="postMethod" time="5.173"/>
  <system-out/>
  <testcase classname="api.test.UserTest2" name="getMethod" time="2.009"/>
  <system-out/>
  <testcase classname="api.test.UserTest2" name="UpdateUesrs" time="2.562"/>
  <system-out/>
  <testcase classname="api.test.UserTest2" name="deleteMethod" time="1.623"/>
  <system-out/>
</testsuite> <!-- api.test.UserTest2 -->
