<?xml version="1.0" encoding="UTF-8"?>
<!-- Generated by org.testng.reporters.JUnitReportReporter -->
<testsuite hostname="LAPTOP-COQFRCSP" failures="0" tests="4" name="api.test.UserTest" time="10.678" errors="0" timestamp="2023-07-26T13:15:00 IST" skipped="0">
  <testcase classname="api.test.UserTest" name="postMethod" time="4.398"/>
  <system-out/>
  <testcase classname="api.test.UserTest" name="getMethod" time="1.584"/>
  <system-out/>
  <testcase classname="api.test.UserTest" name="UpdateUesrs" time="3.196"/>
  <system-out/>
  <testcase classname="api.test.UserTest" name="deleteMethod" time="1.500"/>
  <system-out/>
</testsuite> <!-- api.test.UserTest -->
