<?xml version="1.0" encoding="UTF-8"?>
<!-- Generated by org.testng.reporters.JUnitReportReporter -->
<testsuite hostname="LAPTOP-COQFRCSP" failures="0" tests="1" name="api.utilities.DataProviderData" time="3.144" errors="0" timestamp="2023-07-25T18:23:42 IST" skipped="0">
  <testcase classname="api.utilities.DataProviderData" name="getData" time="3.144"/>
  <system-out/>
</testsuite> <!-- api.utilities.DataProviderData -->
