<?xml version="1.0" encoding="UTF-8"?>
<!-- Generated by org.testng.reporters.JUnitReportReporter -->
<testsuite hostname="LAPTOP-COQFRCSP" failures="0" tests="9" name="api.test.DDTest" time="15.946" errors="0" timestamp="2023-07-26T11:36:23 IST" skipped="0">
  <testcase classname="api.test.DDTest" name="postUser" time="4.482"/>
  <system-out/>
  <testcase classname="api.test.DDTest" name="postUser" time="1.311"/>
  <system-out/>
  <testcase classname="api.test.DDTest" name="postUser" time="1.353"/>
  <system-out/>
  <testcase classname="api.test.DDTest" name="getUser" time="1.230"/>
  <system-out/>
  <testcase classname="api.test.DDTest" name="getUser" time="1.262"/>
  <system-out/>
  <testcase classname="api.test.DDTest" name="getUser" time="1.266"/>
  <system-out/>
  <testcase classname="api.test.DDTest" name="deleteUser" time="1.610"/>
  <system-out/>
  <testcase classname="api.test.DDTest" name="deleteUser" time="1.255"/>
  <system-out/>
  <testcase classname="api.test.DDTest" name="deleteUser" time="2.177"/>
  <system-out/>
</testsuite> <!-- api.test.DDTest -->
