<?xml version="1.0" encoding="UTF-8"?>
<!-- Generated by org.testng.reporters.JUnitReportReporter -->
<testsuite hostname="LAPTOP-COQFRCSP" failures="0" tests="4" name="api.test.UserTest" time="13.264" errors="0" timestamp="2023-07-26T13:35:15 IST" skipped="0">
  <testcase classname="api.test.UserTest" name="postMethod" time="5.785"/>
  <testcase classname="api.test.UserTest" name="getMethod" time="1.787"/>
  <testcase classname="api.test.UserTest" name="UpdateUesrs" time="3.816"/>
  <testcase classname="api.test.UserTest" name="deleteMethod" time="1.876"/>
</testsuite> <!-- api.test.UserTest -->
